<?xml version="1.0" encoding="UTF-8"?>
<testsuite name="Cucumber" time="84.742" tests="29" skipped="0" failures="2" errors="0">
<testcase classname="Register page" name="user try to click GetStart button without signingIn" time="12.904">
<system-out><![CDATA[
Given DsAlgo Portal link....................................................passed
When user clicks the get start button.......................................passed
Then user navigated to signup page..........................................passed
Given user clicks Data Structure get start button without signingIn.........passed
Then displays data structure error message..................................passed
Given user clicks Array get start button without signingIn..................passed
Then displays array error message...........................................passed
]]></system-out>
</testcase>
<testcase classname="Register page" name="Registeration for new user with invalid data - Example #1.1" time="4.394">
<system-out><![CDATA[
Given DsAlgo Portal link....................................................passed
When user clicks the get start button.......................................passed
Then user navigated to signup page..........................................passed
Given User clicks on register link for invalid login........................passed
When user enters the invalid "srs110@yopmail.com" "numpyninja1" and "numpyninja1".passed
And User clicks on register button for invalid login........................passed
Then Error message is displayed.............................................passed
]]></system-out>
</testcase>
<testcase classname="Register page" name="Registeration for new user with invalid data - Example #1.2" time="4.682">
<system-out><![CDATA[
Given DsAlgo Portal link....................................................passed
When user clicks the get start button.......................................passed
Then user navigated to signup page..........................................passed
Given User clicks on register link for invalid login........................passed
When user enters the invalid "srs103@yopmail.com" "numpyninja1" and "numpyninja1".passed
And User clicks on register button for invalid login........................passed
Then Error message is displayed.............................................passed
]]></system-out>
</testcase>
<testcase classname="Register page" name="Registeration for new user with invalid data - Example #1.3" time="4.204">
<system-out><![CDATA[
Given DsAlgo Portal link....................................................passed
When user clicks the get start button.......................................passed
Then user navigated to signup page..........................................passed
Given User clicks on register link for invalid login........................passed
When user enters the invalid "srs104@yopmail.com" "numpyninja1" and "numpyninja1".passed
And User clicks on register button for invalid login........................passed
Then Error message is displayed.............................................passed
]]></system-out>
</testcase>
<testcase classname="Register page" name="Register for new user - Example #1.1" time="6.48">
<failure type="org.junit.ComparisonFailure" message="expected:&lt;[Registration]&gt; but was:&lt;[NumpyNinja]&gt;">
<![CDATA[org.junit.ComparisonFailure: expected:<[Registration]> but was:<[NumpyNinja]>
	at org.junit.Assert.assertEquals(Assert.java:117)
	at org.junit.Assert.assertEquals(Assert.java:146)
	at stepDefinition.Register_Step.user_navigated_to_numpy_ninja_home_page(Register_Step.java:77)
	at âœ½.user navigated to NumpyNinja Home page(file:///C:/Users/saisn/MyNewWorkSpace/DsAlgo_Final/src/test/resources/FeatureFiles/1_Lnch_Reg.feature:51)
]]>
</failure>
<system-out><![CDATA[
Given DsAlgo Portal link....................................................passed
When user clicks the get start button.......................................passed
Then user navigated to signup page..........................................passed
Given user clicks on Register link..........................................passed
When user enters the valid "srs37@yopmail.com" "numpyninja1" and "numpyninja1".passed
And user clicks on Register button..........................................passed
Then user navigated to NumpyNinja Home page.................................failed
]]></system-out>
</testcase>
<testcase classname="SignIn Page" name="user is redirected to sign in page - Example #1.1" time="5.413">
<system-out><![CDATA[
Given user clicks on signIn page............................................passed
And user enters valid "Numpysdet84" and "sdet84batch".......................passed
When user clicks on login button............................................passed
Then user navigated to home page............................................passed
]]></system-out>
</testcase>
<testcase classname="DataStructure module" name="User navigates to DataStructure module" time="2.532">
<system-out><![CDATA[
Given User is on  data structure module.....................................passed
When User clicks data structure get start button............................passed
Then User launches data structure page......................................passed
]]></system-out>
</testcase>
<testcase classname="DataStructure module" name="user is trying to access TimeComplexity" time="0.345">
<system-out><![CDATA[
Given user is on datasturcture introduction page............................passed
When user clicks on TimeComplexity..........................................passed
Then user launches on TimeComplexity page...................................passed
]]></system-out>
</testcase>
<testcase classname="DataStructure module" name="user is trying to click TryHere button" time="2.062">
<system-out><![CDATA[
Given user clicks on TryHere button.........................................passed
And user navigated to Tryeditor page to write a Python code.................passed
When user is writing Python code............................................passed
And user clicks on Run button...............................................passed
Then user can see the Output of Python code.................................passed
]]></system-out>
</testcase>
<testcase classname="DataStructure module" name="user is trying to click on TryEditor for Invalid data" time="2.827">
<system-out><![CDATA[
Given user navigates back to click TryHere button...........................passed
And user clicks on TryHere button...........................................passed
And user navigated to Tryeditor page to write a Python code.................passed
When user is entering Invalid Python code...................................passed
And user clicks on Run button...............................................passed
Then user is capturing Alert message........................................passed
And user navigates back to previous page....................................passed
]]></system-out>
</testcase>
<testcase classname="DataStructure module" name="user is trying to click Practice Questions" time="6.623">
<system-out><![CDATA[
Given user clicks on Practice Questions.....................................passed
When user navigates to practice Questions...................................passed
Then user navigates back to HomePage........................................passed
]]></system-out>
</testcase>
<testcase classname="Stack module" name="User navigates to Stack module" time="0.624">
<system-out><![CDATA[
Given User is on stack module...............................................passed
When User clicks on stack module's get start button.........................passed
Then User launches on stack page............................................passed
]]></system-out>
</testcase>
<testcase classname="Stack module" name="User navigates to operations in stack" time="0.477">
<system-out><![CDATA[
Given User is on operations in stack........................................passed
When User clicks on operations in stack button..............................passed
Then User launches on operations in stack page..............................passed
]]></system-out>
</testcase>
<testcase classname="Stack module" name="User Clicks TryHere" time="0.584">
<system-out><![CDATA[
Given user clicks on TryHere button.........................................passed
And user navigated to Tryeditor page to write a Python code.................passed
When user is writing Python code............................................passed
And user clicks on Run button...............................................passed
Then user can see the Output of Python code.................................passed
]]></system-out>
</testcase>
<testcase classname="Stack module" name="user is trying to click on TryEditor for Invalid data" time="2.606">
<system-out><![CDATA[
Given user navigates back to click TryHere button...........................passed
And user clicks on TryHere button...........................................passed
And user navigated to Tryeditor page to write a Python code.................passed
When user is entering Invalid Python code...................................passed
And user clicks on Run button...............................................passed
Then user is capturing Alert message........................................passed
And user navigates back to previous page....................................passed
]]></system-out>
</testcase>
<testcase classname="Stack module" name="User clicks on Implementation" time="0.336">
<system-out><![CDATA[
Given User is on Implementations on stack...................................passed
When User clicks on Implementations in stack button.........................passed
Then User launches on Implementations in stack page.........................passed
]]></system-out>
</testcase>
<testcase classname="Stack module" name="User Clicks TryHere" time="0.552">
<system-out><![CDATA[
Given user clicks on TryHere button.........................................passed
And user navigated to Tryeditor page to write a Python code.................passed
When user is writing Python code............................................passed
And user clicks on Run button...............................................passed
Then user can see the Output of Python code.................................passed
]]></system-out>
</testcase>
<testcase classname="Stack module" name="user is trying to click on TryEditor for Invalid data" time="2.606">
<system-out><![CDATA[
Given user navigates back to click TryHere button...........................passed
And user clicks on TryHere button...........................................passed
And user navigated to Tryeditor page to write a Python code.................passed
When user is entering Invalid Python code...................................passed
And user clicks on Run button...............................................passed
Then user is capturing Alert message........................................passed
And user navigates back to previous page....................................passed
]]></system-out>
</testcase>
<testcase classname="Stack module" name="User clicks on Applications" time="0.295">
<failure type="java.lang.AssertionError" message="expected [Application] but found [Applications]">
<![CDATA[java.lang.AssertionError: expected [Application] but found [Applications]
	at org.testng.Assert.fail(Assert.java:99)
	at org.testng.Assert.failNotEquals(Assert.java:1037)
	at org.testng.Assert.assertEqualsImpl(Assert.java:140)
	at org.testng.Assert.assertEquals(Assert.java:122)
	at org.testng.Assert.assertEquals(Assert.java:629)
	at org.testng.Assert.assertEquals(Assert.java:639)
	at com.qa.util.ElementUtil.EqualAssert(ElementUtil.java:19)
	at stepDefinition.Stack_Step.user_launches_on_applications_in_stack_page(Stack_Step.java:93)
	at âœ½.User launches on Applications in stack page(file:///C:/Users/saisn/MyNewWorkSpace/DsAlgo_Final/src/test/resources/FeatureFiles/6_Stack.feature:79)
]]>
</failure>
<system-out><![CDATA[
Given User is on Applications on stack......................................passed
When User clicks on Applications in stack button............................passed
Then User launches on Applications in stack page............................failed
]]></system-out>
</testcase>
<testcase classname="Stack module" name="User Clicks TryHere" time="0.577">
<system-out><![CDATA[
Given user clicks on TryHere button.........................................passed
And user navigated to Tryeditor page to write a Python code.................passed
When user is writing Python code............................................passed
And user clicks on Run button...............................................passed
Then user can see the Output of Python code.................................passed
]]></system-out>
</testcase>
<testcase classname="Stack module" name="user is trying to click on TryEditor for Invalid data" time="2.57">
<system-out><![CDATA[
Given user navigates back to click TryHere button...........................passed
And user clicks on TryHere button...........................................passed
And user navigated to Tryeditor page to write a Python code.................passed
When user is entering Invalid Python code...................................passed
And user clicks on Run button...............................................passed
Then user is capturing Alert message........................................passed
And user navigates back to previous page....................................passed
]]></system-out>
</testcase>
<testcase classname="Stack module" name="user is trying to click Practice Questions" time="6.455">
<system-out><![CDATA[
Given user clicks on Practice Questions.....................................passed
When user navigates to practice Questions...................................passed
Then user navigates back to HomePage........................................passed
]]></system-out>
</testcase>
<testcase classname="Graph Module" name="User navigates to Graph module" time="0.635">
<system-out><![CDATA[
Given User is on Graph module...............................................passed
When User clicks on Graph modules Get Start button..........................passed
Then User launches on Graph page............................................passed
]]></system-out>
</testcase>
<testcase classname="Graph Module" name="User Clicks TryHere" time="0.579">
<system-out><![CDATA[
Given user clicks on TryHere button.........................................passed
And user navigated to Tryeditor page to write a Python code.................passed
When user is writing Python code............................................passed
And user clicks on Run button...............................................passed
Then user can see the Output of Python code.................................passed
]]></system-out>
</testcase>
<testcase classname="Graph Module" name="user is trying to click on TryEditor for Invalid data" time="2.607">
<system-out><![CDATA[
Given user navigates back to click TryHere button...........................passed
And user clicks on TryHere button...........................................passed
And user navigated to Tryeditor page to write a Python code.................passed
When user is entering Invalid Python code...................................passed
And user clicks on Run button...............................................passed
Then user is capturing Alert message........................................passed
And user navigates back to previous page....................................passed
]]></system-out>
</testcase>
<testcase classname="Graph Module" name="User clicks on Graphs representation" time="0.439">
<system-out><![CDATA[
Given User is on representation on graph....................................passed
When User clicks on representation in graph button..........................passed
Then User launches on representation in graph page..........................passed
]]></system-out>
</testcase>
<testcase classname="Graph Module" name="User Clicks TryHere" time="0.485">
<system-out><![CDATA[
Given user clicks on TryHere button.........................................passed
And user navigated to Tryeditor page to write a Python code.................passed
When user is writing Python code............................................passed
And user clicks on Run button...............................................passed
Then user can see the Output of Python code.................................passed
]]></system-out>
</testcase>
<testcase classname="Graph Module" name="user is trying to click on TryEditor for Invalid data" time="2.593">
<system-out><![CDATA[
Given user navigates back to click TryHere button...........................passed
And user clicks on TryHere button...........................................passed
And user navigated to Tryeditor page to write a Python code.................passed
When user is entering Invalid Python code...................................passed
And user clicks on Run button...............................................passed
Then user is capturing Alert message........................................passed
And user navigates back to previous page....................................passed
]]></system-out>
</testcase>
<testcase classname="Graph Module" name="user is trying to click Practice Questions" time="6.474">
<system-out><![CDATA[
Given user clicks on Practice Questions.....................................passed
When user navigates to practice Questions...................................passed
Then user navigates back to HomePage........................................passed
]]></system-out>
</testcase>
</testsuite>
