<?xml version="1.0" encoding="UTF-8"?>
<!-- Generated by org.testng.reporters.JUnitReportReporter -->
<testsuite hostname="DESKTOP-01V5FL5" failures="2" tests="29" name="runner1.DsAlgoRunner" time="84.541" errors="0" timestamp="2023-04-10T13:27:37 EDT" skipped="0">
  <testcase classname="runner1.DsAlgoRunner" name="runScenario" time="2.614"/>
  <system-out/>
  <testcase classname="runner1.DsAlgoRunner" name="runScenario" time="4.694"/>
  <system-out/>
  <testcase classname="runner1.DsAlgoRunner" name="runScenario" time="2.607"/>
  <system-out/>
  <testcase classname="runner1.DsAlgoRunner" name="runScenario" time="0.306">
    <failure message="expected [Application] but found [Applications]" type="java.lang.AssertionError">
      <![CDATA[java.lang.AssertionError: expected [Application] but found [Applications]
at org.testng.Assert.fail(Assert.java:99)
at org.testng.Assert.failNotEquals(Assert.java:1037)
at org.testng.Assert.assertEqualsImpl(Assert.java:140)
at org.testng.Assert.assertEquals(Assert.java:122)
at org.testng.Assert.assertEquals(Assert.java:629)
at org.testng.Assert.assertEquals(Assert.java:639)
at com.qa.util.ElementUtil.EqualAssert(ElementUtil.java:19)
at stepDefinition.Stack_Step.user_launches_on_applications_in_stack_page(Stack_Step.java:93)
at ✽.User launches on Applications in stack page(file:///C:/Users/saisn/MyNewWorkSpace/DsAlgo_Final/src/test/resources/FeatureFiles/6_Stack.feature:79)
]]>
    </failure>
  </testcase> <!-- runScenario -->
  <system-out/>
  <testcase classname="runner1.DsAlgoRunner" name="runScenario" time="0.592"/>
  <system-out/>
  <testcase classname="runner1.DsAlgoRunner" name="runScenario" time="0.484"/>
  <system-out/>
  <testcase classname="runner1.DsAlgoRunner" name="runScenario" time="0.359"/>
  <system-out/>
  <testcase classname="runner1.DsAlgoRunner" name="runScenario" time="0.353"/>
  <system-out/>
  <testcase classname="runner1.DsAlgoRunner" name="runScenario" time="4.415"/>
  <system-out/>
  <testcase classname="runner1.DsAlgoRunner" name="runScenario" time="0.663"/>
  <system-out/>
  <testcase classname="runner1.DsAlgoRunner" name="runScenario" time="0.586"/>
  <system-out/>
  <testcase classname="runner1.DsAlgoRunner" name="runScenario" time="0.499"/>
  <system-out/>
  <testcase classname="runner1.DsAlgoRunner" name="runScenario" time="2.075"/>
  <system-out/>
  <testcase classname="runner1.DsAlgoRunner" name="runScenario" time="2.576"/>
  <system-out/>
  <testcase classname="runner1.DsAlgoRunner" name="runScenario" time="0.457"/>
  <system-out/>
  <testcase classname="runner1.DsAlgoRunner" name="runScenario" time="4.215"/>
  <system-out/>
  <testcase classname="runner1.DsAlgoRunner" name="runScenario" time="2.836"/>
  <system-out/>
  <testcase classname="runner1.DsAlgoRunner" name="runScenario" time="2.598"/>
  <system-out/>
  <testcase classname="runner1.DsAlgoRunner" name="runScenario" time="6.485"/>
  <system-out/>
  <testcase classname="runner1.DsAlgoRunner" name="runScenario" time="6.461"/>
  <system-out/>
  <testcase classname="runner1.DsAlgoRunner" name="runScenario" time="2.552"/>
  <system-out/>
  <testcase classname="runner1.DsAlgoRunner" name="runScenario" time="6.652"/>
  <system-out/>
  <testcase classname="runner1.DsAlgoRunner" name="runScenario" time="2.610"/>
  <system-out/>
  <testcase classname="runner1.DsAlgoRunner" name="runScenario" time="0.563"/>
  <system-out/>
  <testcase classname="runner1.DsAlgoRunner" name="runScenario" time="6.494">
    <failure message="expected:&lt;[Registration]&gt; but was:&lt;[NumpyNinja]&gt;" type="org.junit.ComparisonFailure">
      <![CDATA[org.junit.ComparisonFailure: expected:<[Registration]> but was:<[NumpyNinja]>
at org.junit.Assert.assertEquals(Assert.java:117)
at org.junit.Assert.assertEquals(Assert.java:146)
at stepDefinition.Register_Step.user_navigated_to_numpy_ninja_home_page(Register_Step.java:77)
at ✽.user navigated to NumpyNinja Home page(file:///C:/Users/saisn/MyNewWorkSpace/DsAlgo_Final/src/test/resources/FeatureFiles/1_Lnch_Reg.feature:51)
]]>
    </failure>
  </testcase> <!-- runScenario -->
  <system-out/>
  <testcase classname="runner1.DsAlgoRunner" name="runScenario" time="5.424"/>
  <system-out/>
  <testcase classname="runner1.DsAlgoRunner" name="runScenario" time="0.593"/>
  <system-out/>
  <testcase classname="runner1.DsAlgoRunner" name="runScenario" time="13.117"/>
  <system-out/>
  <testcase classname="runner1.DsAlgoRunner" name="runScenario" time="0.661"/>
  <system-out/>
</testsuite> <!-- runner1.DsAlgoRunner -->
